<?xml version="1.0" encoding="UTF-8"?>
<testng-results ignored="0" total="1" passed="1" failed="0" skipped="0">
  <reporter-output>
  </reporter-output>
  <suite started-at="2025-07-23T22:47:57 IST" name="Default suite" finished-at="2025-07-23T22:47:57 IST" duration-ms="66">
    <groups>
    </groups>
    <test started-at="2025-07-23T22:47:57 IST" name="Default test" finished-at="2025-07-23T22:47:57 IST" duration-ms="66">
      <class name="Contact.ContactTest">
        <test-method signature="contactwithPhoneTest()[pri:0, instance:Contact.ContactTest@3754a4bf]" started-at="2025-07-23T22:47:57 IST" name="contactwithPhoneTest" finished-at="2025-07-23T22:47:57 IST" duration-ms="12" status="PASS">
          <reporter-output>
          </reporter-output>
        </test-method> <!-- contactwithPhoneTest -->
      </class> <!-- Contact.ContactTest -->
    </test> <!-- Default test -->
  </suite> <!-- Default suite -->
</testng-results>
